<?xml version='1.1' encoding='UTF-8'?>
<result plugin="junit@1.26.1">
  <suites>
    <suite>
      <file>/var/jenkins_home/workspace/B4U Tests/target/surefire-reports/TEST-de.neusta.b4u.RunCukesTest.xml</file>
      <name>de.neusta.b4u.RunCukesTest</name>
      <duration>0.231</duration>
      <time>0.231</time>
      <nodeId>20</nodeId>
      <enclosingBlocks>
        <string>16</string>
      </enclosingBlocks>
      <enclosingBlockNames>
        <string>Test</string>
      </enclosingBlockNames>
      <cases>
        <case>
          <duration>0.008</duration>
          <className>| Username | topBannerView.logout |</className>
          <testName>Given I have logged into my account as standard user</testName>
          <skipped>false</skipped>
          <failedSince>0</failedSince>
        </case>
        <case>
          <duration>0.001</duration>
          <className>| Username | topBannerView.logout |</className>
          <testName>When I look for the element \&quot;topBannerView.logout\&quot;</testName>
          <skipped>false</skipped>
          <failedSince>0</failedSince>
        </case>
        <case>
          <duration>0.0</duration>
          <className>| Username | topBannerView.logout |</className>
          <testName>Then the element looked for is being displayed</testName>
          <skipped>false</skipped>
          <failedSince>0</failedSince>
        </case>
        <case>
          <duration>0.089</duration>
          <className>| Username | topBannerView.logout |</className>
          <testName>| Username | topBannerView.logout |</testName>
          <skipped>false</skipped>
          <failedSince>0</failedSince>
        </case>
        <case>
          <duration>0.0</duration>
          <className>Scenario: logout success [standard user]</className>
          <testName>Given I have logged into my account as standard user</testName>
          <skipped>false</skipped>
          <failedSince>0</failedSince>
        </case>
        <case>
          <duration>0.0</duration>
          <className>Scenario: logout success [standard user]</className>
          <testName>When I logout</testName>
          <skipped>false</skipped>
          <failedSince>0</failedSince>
        </case>
        <case>
          <duration>0.0</duration>
          <className>Scenario: logout success [standard user]</className>
          <testName>Then the login page is being displayed</testName>
          <skipped>false</skipped>
          <failedSince>0</failedSince>
        </case>
        <case>
          <duration>0.066</duration>
          <className>Scenario: logout success [standard user]</className>
          <testName>Scenario: logout success [standard user]</testName>
          <skipped>false</skipped>
          <failedSince>0</failedSince>
        </case>
        <case>
          <duration>0.0</duration>
          <className>Scenario: logout success [admin user]</className>
          <testName>Given I have logged into my account as admin user</testName>
          <skipped>false</skipped>
          <failedSince>0</failedSince>
        </case>
        <case>
          <duration>0.0</duration>
          <className>Scenario: logout success [admin user]</className>
          <testName>When I logout</testName>
          <skipped>false</skipped>
          <failedSince>0</failedSince>
        </case>
        <case>
          <duration>0.0</duration>
          <className>Scenario: logout success [admin user]</className>
          <testName>Then the login page is being displayed</testName>
          <skipped>false</skipped>
          <failedSince>0</failedSince>
        </case>
        <case>
          <duration>0.067</duration>
          <className>Scenario: logout success [admin user]</className>
          <testName>Scenario: logout success [admin user]</testName>
          <skipped>false</skipped>
          <failedSince>0</failedSince>
        </case>
      </cases>
    </suite>
  </suites>
  <duration>0.231</duration>
  <keepLongStdio>false</keepLongStdio>
</result>